<?xml version="1.0" encoding="UTF-8"?>
<!-- Generated by org.testng.reporters.JUnitXMLReporter -->
<testsuite ignored="0" hostname="LAPTOP-VVQB2GH0" failures="0" tests="7" name="Surefire test" time="8.755" errors="0" timestamp="26 Nov 2023 11:23:26 GMT">
  <testcase classname="com.sdet.lab.NikhilJain_RestfulAndSoapWS.Restful_Web_Services_Test" name="DeleteRequestTest" time="2.95"/>
  <testcase classname="com.sdet.lab.NikhilJain_RestfulAndSoapWS.Restful_Web_Services_Test" name="GetRequestTest" time="0.463"/>
  <testcase classname="com.sdet.lab.NikhilJain_RestfulAndSoapWS.Restful_Web_Services_Test" name="PatchRequestTest" time="1.799"/>
  <testcase classname="com.sdet.lab.NikhilJain_RestfulAndSoapWS.Restful_Web_Services_Test" name="PostRequestTest" time="0.706"/>
  <testcase classname="com.sdet.lab.NikhilJain_RestfulAndSoapWS.Restful_Web_Services_Test" name="PutRequestTest" time="0.64"/>
  <testcase classname="com.sdet.lab.NikhilJain_RestfulAndSoapWS.Soap_Web_Services_Test" name="GetRequestTest" time="0.821"/>
  <testcase classname="com.sdet.lab.NikhilJain_RestfulAndSoapWS.Soap_Web_Services_Test" name="PostRequestTest" time="0.775"/>
</testsuite> <!-- Surefire test -->
