<?xml version="1.0" encoding="UTF-8"?>
<!-- Generated by org.testng.reporters.JUnitXMLReporter -->
<testsuite ignored="0" hostname="LAPTOP-VVQB2GH0" failures="0" tests="2" name="Default test" time="2.928" errors="0" timestamp="26 Nov 2023 11:20:13 GMT">
  <testcase classname="com.sdet.lab.NikhilJain_RestfulAndSoapWS.Soap_Web_Services_Test" name="GetRequestTest" time="2.11"/>
  <testcase classname="com.sdet.lab.NikhilJain_RestfulAndSoapWS.Soap_Web_Services_Test" name="PostRequestTest" time="0.789"/>
</testsuite> <!-- Default test -->
