<?xml version="1.0" encoding="UTF-8"?>
<testsuite xmlns:xsi="http://www.w3.org/2001/XMLSchema-instance" xsi:noNamespaceSchemaLocation="https://maven.apache.org/surefire/maven-surefire-plugin/xsd/surefire-test-report-3.0.xsd" version="3.0" name="TestSuite" time="9.14" tests="7" errors="0" skipped="0" failures="0">
  <properties>
[...]
</properties>
  <testcase name="DeleteRequestTest" classname="com.sdet.lab.NikhilJain_RestfulAndSoapWS.Restful_Web_Services_Test" time="2.95"/>
  <testcase name="GetRequestTest" classname="com.sdet.lab.NikhilJain_RestfulAndSoapWS.Restful_Web_Services_Test" time="0.461"/>
  <testcase name="PatchRequestTest" classname="com.sdet.lab.NikhilJain_RestfulAndSoapWS.Restful_Web_Services_Test" time="1.8"/>
  <testcase name="PostRequestTest" classname="com.sdet.lab.NikhilJain_RestfulAndSoapWS.Restful_Web_Services_Test" time="0.706"/>
  <testcase name="PutRequestTest" classname="com.sdet.lab.NikhilJain_RestfulAndSoapWS.Restful_Web_Services_Test" time="0.64"/>
  <testcase name="GetRequestTest" classname="com.sdet.lab.NikhilJain_RestfulAndSoapWS.Soap_Web_Services_Test" time="0.82"/>
  <testcase name="PostRequestTest" classname="com.sdet.lab.NikhilJain_RestfulAndSoapWS.Soap_Web_Services_Test" time="0.775"/>
</testsuite>