<?xml version="1.0" encoding="UTF-8"?>
<testng-results ignored="0" total="2" passed="2" failed="0" skipped="0">
  <reporter-output>
  </reporter-output>
  <suite started-at="2023-11-26T11:20:10Z" name="Default suite" finished-at="2023-11-26T11:20:13Z" duration-ms="2928">
    <groups>
    </groups>
    <test started-at="2023-11-26T11:20:10Z" name="Default test" finished-at="2023-11-26T11:20:13Z" duration-ms="2928">
      <class name="com.sdet.lab.NikhilJain_RestfulAndSoapWS.Soap_Web_Services_Test">
        <test-method signature="GetRequestTest()[pri:0, instance:com.sdet.lab.NikhilJain_RestfulAndSoapWS.Soap_Web_Services_Test@6c2ed0cd]" started-at="2023-11-26T11:20:11Z" name="GetRequestTest" finished-at="2023-11-26T11:20:13Z" duration-ms="2110" status="PASS">
          <reporter-output>
          </reporter-output>
        </test-method> <!-- GetRequestTest -->
        <test-method signature="PostRequestTest()[pri:0, instance:com.sdet.lab.NikhilJain_RestfulAndSoapWS.Soap_Web_Services_Test@6c2ed0cd]" started-at="2023-11-26T11:20:13Z" name="PostRequestTest" finished-at="2023-11-26T11:20:13Z" duration-ms="789" status="PASS">
          <reporter-output>
          </reporter-output>
        </test-method> <!-- PostRequestTest -->
      </class> <!-- com.sdet.lab.NikhilJain_RestfulAndSoapWS.Soap_Web_Services_Test -->
    </test> <!-- Default test -->
  </suite> <!-- Default suite -->
</testng-results>
